2025-08-06 07:31:33,724 - INFO - ▶️ Шаг 2: Запуск сбора ссылок на товары...
2025-08-06 07:31:33,727 - INFO - ▶️ Шаг 2.1: Сбор URL подкатегорий первого уровня...
2025-08-06 07:31:33,727 - INFO - ✅ Найдено 123 уникальных URL для парсинга.
2025-08-06 07:31:33,727 - INFO - 
--- Прогресс: 1/123 ---
2025-08-06 07:31:33,729 - INFO -   - Обработка категории: https://gosapteka18.ru/catalog/aksessuary_i_zapchasti_k_priboram/
2025-08-06 07:31:33,729 - INFO -     - Сканирую страницу 1: https://gosapteka18.ru/catalog/aksessuary_i_zapchasti_k_priboram/
2025-08-06 07:31:34,920 - WARNING -   ⚠️ Не найдено ссылок на товары на странице. Проверьте селекторы.
2025-08-06 07:31:34,942 - INFO -     🏁 Достигнут конец пагинации.
2025-08-06 07:31:34,942 - INFO -   - Итог по категории: найдено 0 ссылок на товары.
2025-08-06 07:31:36,443 - INFO - 
--- Прогресс: 2/123 ---
2025-08-06 07:31:36,443 - INFO -   - Обработка категории: https://gosapteka18.ru/catalog/aksessuary_i_zapchasti_k_priboram_3/
2025-08-06 07:31:36,443 - INFO -     - Сканирую страницу 1: https://gosapteka18.ru/catalog/aksessuary_i_zapchasti_k_priboram_3/
2025-08-06 07:31:37,083 - WARNING -   ⚠️ Не найдено ссылок на товары на странице. Проверьте селекторы.
2025-08-06 07:31:37,103 - INFO -     🏁 Достигнут конец пагинации.
2025-08-06 07:31:37,103 - INFO -   - Итог по категории: найдено 0 ссылок на товары.
2025-08-06 07:31:38,605 - INFO - 
--- Прогресс: 3/123 ---
2025-08-06 07:31:38,605 - INFO -   - Обработка категории: https://gosapteka18.ru/catalog/akusherstvo_i_ginekologiya/
2025-08-06 07:31:38,606 - INFO -     - Сканирую страницу 1: https://gosapteka18.ru/catalog/akusherstvo_i_ginekologiya/
2025-08-06 07:31:39,391 - WARNING -   ⚠️ Не найдено ссылок на товары на странице. Проверьте селекторы.
2025-08-06 07:31:39,416 - INFO -     🏁 Достигнут конец пагинации.
2025-08-06 07:31:39,416 - INFO -   - Итог по категории: найдено 0 ссылок на товары.
2025-08-06 07:31:40,917 - INFO - 
--- Прогресс: 4/123 ---
2025-08-06 07:31:40,917 - INFO -   - Обработка категории: https://gosapteka18.ru/catalog/akusherstvo_i_ginekologiya_1/
2025-08-06 07:31:40,917 - INFO -     - Сканирую страницу 1: https://gosapteka18.ru/catalog/akusherstvo_i_ginekologiya_1/
2025-08-06 07:31:41,528 - WARNING -   ⚠️ Не найдено ссылок на товары на странице. Проверьте селекторы.
2025-08-06 07:31:41,548 - INFO -     🏁 Достигнут конец пагинации.
2025-08-06 07:31:41,549 - INFO -   - Итог по категории: найдено 0 ссылок на товары.
2025-08-06 07:31:43,049 - INFO - 
--- Прогресс: 5/123 ---
2025-08-06 07:31:43,049 - INFO -   - Обработка категории: https://gosapteka18.ru/catalog/akusherstvo_i_ginekologiya_2/
2025-08-06 07:31:43,050 - INFO -     - Сканирую страницу 1: https://gosapteka18.ru/catalog/akusherstvo_i_ginekologiya_2/
2025-08-06 07:31:43,675 - WARNING -   ⚠️ Не найдено ссылок на товары на странице. Проверьте селекторы.
2025-08-06 07:31:43,696 - INFO -     🏁 Достигнут конец пагинации.
2025-08-06 07:31:43,696 - INFO -   - Итог по категории: найдено 0 ссылок на товары.
2025-08-06 07:31:45,198 - INFO - 
--- Прогресс: 6/123 ---
2025-08-06 07:31:45,198 - INFO -   - Обработка категории: https://gosapteka18.ru/catalog/allergiya_1/
2025-08-06 07:31:45,199 - INFO -     - Сканирую страницу 1: https://gosapteka18.ru/catalog/allergiya_1/
2025-08-06 07:31:46,041 - WARNING -   ⚠️ Не найдено ссылок на товары на странице. Проверьте селекторы.
2025-08-06 07:31:46,068 - INFO -     🏁 Достигнут конец пагинации.
2025-08-06 07:31:46,068 - INFO -   - Итог по категории: найдено 0 ссылок на товары.
2025-08-06 07:31:47,570 - INFO - 
--- Прогресс: 7/123 ---
2025-08-06 07:31:47,570 - INFO -   - Обработка категории: https://gosapteka18.ru/catalog/analgetiki_i_spazmolitiki/
2025-08-06 07:31:47,570 - INFO -     - Сканирую страницу 1: https://gosapteka18.ru/catalog/analgetiki_i_spazmolitiki/
2025-08-06 07:31:48,374 - WARNING -   ⚠️ Не найдено ссылок на товары на странице. Проверьте селекторы.
2025-08-06 07:31:48,407 - INFO -     🏁 Достигнут конец пагинации.
2025-08-06 07:31:48,407 - INFO -   - Итог по категории: найдено 0 ссылок на товары.
2025-08-06 07:31:49,909 - INFO - 
--- Прогресс: 8/123 ---
2025-08-06 07:31:49,909 - INFO -   - Обработка категории: https://gosapteka18.ru/catalog/anesteziya_i_reanimatsiya/
2025-08-06 07:31:49,909 - INFO -     - Сканирую страницу 1: https://gosapteka18.ru/catalog/anesteziya_i_reanimatsiya/
2025-08-06 07:31:50,776 - WARNING -   ⚠️ Не найдено ссылок на товары на странице. Проверьте селекторы.
2025-08-06 07:31:50,804 - INFO -     🏁 Достигнут конец пагинации.
2025-08-06 07:31:50,804 - INFO -   - Итог по категории: найдено 0 ссылок на товары.
2025-08-06 07:31:51,900 - WARNING - 
🛑 Процесс прерван пользователем.
2025-08-06 07:31:51,900 - INFO - 
--- ⏰ Парсинг завершен за 18.17 секунд ---
2025-08-06 07:31:51,900 - ERROR - 🚫 Не удалось собрать ни одной ссылки на товары.
